\BOOKMARK [0][-]{Doc-Start}{DEDICATION}{}% 1
\BOOKMARK [0][-]{Doc-Start}{ACKNOWLEDGEMENTS}{}% 2
\BOOKMARK [0][-]{Doc-Start}{LIST OF FIGURES}{}% 3
\BOOKMARK [0][-]{Doc-Start}{LIST OF TABLES}{}% 4
\BOOKMARK [0][-]{Doc-Start}{LIST OF APPENDICES}{}% 5
\BOOKMARK [0][-]{Doc-Start}{ABSTRACT}{}% 6
\BOOKMARK [0][-]{chapter.1}{Introduction}{}% 7
\BOOKMARK [1][-]{section.1.1}{Control of Stormwater Systems}{chapter.1}% 8
\BOOKMARK [1][-]{section.1.2}{Statistical methods}{chapter.1}% 9
\BOOKMARK [1][-]{section.1.3}{Dissertation Outline}{chapter.1}% 10
\BOOKMARK [0][-]{chapter.2}{Building a Theory for Smart Stormwater Systems}{}% 11
\BOOKMARK [1][-]{section.2.1}{Do best local practices achieve the best global outcomes?}{chapter.2}% 12
\BOOKMARK [2][-]{subsection.2.1.1}{Existing studies on real-time control}{section.2.1}% 13
\BOOKMARK [1][-]{section.2.2}{Toward a framework for smart stormwater systems}{chapter.2}% 14
\BOOKMARK [2][-]{subsection.2.2.1}{Limitations of existing simulations approaches}{section.2.2}% 15
\BOOKMARK [1][-]{section.2.3}{Simulating controlled systems}{chapter.2}% 16
\BOOKMARK [1][-]{section.2.4}{Simulated Studies}{chapter.2}% 17
\BOOKMARK [2][-]{subsection.2.4.1}{Model Implementation}{section.2.4}% 18
\BOOKMARK [2][-]{subsection.2.4.2}{Case Study 1: Local Control}{section.2.4}% 19
\BOOKMARK [2][-]{subsection.2.4.3}{Case Study 2: System-level Control}{section.2.4}% 20
\BOOKMARK [1][-]{section.2.5}{Discussion}{chapter.2}% 21
\BOOKMARK [1][-]{section.2.6}{Knowledge gaps}{chapter.2}% 22
\BOOKMARK [2][-]{subsection.2.6.1}{Toward a new generation of real-time models}{section.2.6}% 23
\BOOKMARK [2][-]{subsection.2.6.2}{Control Algorithms}{section.2.6}% 24
\BOOKMARK [1][-]{section.2.7}{Conclusions}{chapter.2}% 25
\BOOKMARK [0][-]{chapter.3}{Shaping the response in watersheds using a sensor network}{}% 26
\BOOKMARK [1][-]{section.3.1}{Introduction}{chapter.3}% 27
\BOOKMARK [1][-]{section.3.2}{Study area and technologies}{chapter.3}% 28
\BOOKMARK [2][-]{subsection.3.2.1}{Study area}{section.3.2}% 29
\BOOKMARK [2][-]{subsection.3.2.2}{Technologies and Architecture}{section.3.2}% 30
\BOOKMARK [1][-]{section.3.3}{Characterizing control actions}{chapter.3}% 31
\BOOKMARK [1][-]{section.3.4}{Set-point hydrographs}{chapter.3}% 32
\BOOKMARK [1][-]{section.3.5}{Coordinated releases between multiple control sites}{chapter.3}% 33
\BOOKMARK [1][-]{section.3.6}{Conclusions}{chapter.3}% 34
\BOOKMARK [0][-]{chapter.4}{Deep reinforcement learning for the control of stormwater networks}{}% 35
\BOOKMARK [1][-]{section.4.1}{Introduction}{chapter.4}% 36
\BOOKMARK [2][-]{subsection.4.1.1}{Real time control of urban drainage systems}{section.4.1}% 37
\BOOKMARK [1][-]{section.4.2}{Reinforcement Learning}{chapter.4}% 38
\BOOKMARK [1][-]{section.4.3}{Methods}{chapter.4}% 39
\BOOKMARK [2][-]{subsection.4.3.1}{Reinforcement learning for stormwater systems}{section.4.3}% 40
\BOOKMARK [2][-]{subsection.4.3.2}{Deep Q Learning}{section.4.3}% 41
\BOOKMARK [2][-]{subsection.4.3.3}{Evaluation}{section.4.3}% 42
\BOOKMARK [2][-]{subsection.4.3.4}{Study Area}{section.4.3}% 43
\BOOKMARK [2][-]{subsection.4.3.5}{Analysis}{section.4.3}% 44
\BOOKMARK [2][-]{subsection.4.3.6}{Scenario 1: Control of a single basin}{section.4.3}% 45
\BOOKMARK [2][-]{subsection.4.3.7}{Scenario 2: Controlling multiple basins}{section.4.3}% 46
\BOOKMARK [2][-]{subsection.4.3.8}{Simulation, Implementation, and Evaluation}{section.4.3}% 47
\BOOKMARK [1][-]{section.4.4}{Results}{chapter.4}% 48
\BOOKMARK [2][-]{subsection.4.4.1}{Scenario 1: Control of single basin}{section.4.4}% 49
\BOOKMARK [2][-]{subsection.4.4.2}{Scenario 2: Control of multiple basins}{section.4.4}% 50
\BOOKMARK [1][-]{section.4.5}{Discussion}{chapter.4}% 51
\BOOKMARK [1][-]{section.4.6}{Conclusion}{chapter.4}% 52
\BOOKMARK [0][-]{section.4.6}{APPENDICES}{}% 53
\BOOKMARK [1][-]{section.A.1}{Deep Neural Networks}{section.4.6}% 54
\BOOKMARK [1][-]{section.A.2}{Hyper parameters and architecture}{section.4.6}% 55
\BOOKMARK [1][-]{section.A.3}{Equal-filling degree algorithm}{section.4.6}% 56
\BOOKMARK [1][-]{section.A.4}{Scenario 1 \204 Reward function Formulation Sensitivity}{section.4.6}% 57
\BOOKMARK [1][-]{section.A.5}{Scenario 1 \204 Location sensitivity}{section.4.6}% 58
\BOOKMARK [1][-]{section.A.6}{Scenario 2 \204 Back-to-back event}{section.4.6}% 59
\protect \let \reserved@d =[\def {\def !{[1][-]}\futurelet \@let@token \let \@nodocument \def figure{figure}\def tbp{!\par }\edef tbp{tbp}\def !{!}\@floatpenalty -\@Miii \protect \begingroup \immediate \write \@unused   \def \MessageBreak  
 \let \protect \edef  You've lost some text.  Try typing  <return>  to proceed.\MessageBreak If that doesn't work, type  X <return>  to quit.  \errhelp \let \def \MessageBreak  
                \def   \errmessage  LaTeX Error: Too many unprocessed floats.

See the LaTeX manual or LaTeX Companion for explanation.
Type  H <return>  for immediate help   \endgroup \global \setbox \bx@Q \vbox \bgroup \color@begingroup \let 0 g 0 G0 g 0 G\pdfextension colorstack\main@pdfcolorstack push{0 g 0 G}\aftergroup \pdfextension colorstack\main@pdfcolorstack pop\relax \vbox \bgroup \hsize \columnwidth \let 
