\BOOKMARK [1][-]{Abstract.1}{Abstract}{}% 1
\BOOKMARK [1][-]{publications.1}{Publications}{}% 2
\BOOKMARK [1][-]{tableofcontents.1}{Contents}{}% 3
\BOOKMARK [1][-]{lof.1}{List of Figures}{}% 4
\BOOKMARK [1][-]{lot.1}{List of Tables}{}% 5
\BOOKMARK [1][-]{lol.1}{Listings}{}% 6
\BOOKMARK [1][-]{acronyms.1}{Acronyms}{}% 7
\BOOKMARK [0][]{chapter.1}{1 Introduction}{}% 8
\BOOKMARK [1][-]{section.1.1}{1.1 Control of Stormwater Systems}{chapter.1}% 9
\BOOKMARK [1][-]{section.1.2}{1.2 Statistical methods}{chapter.1}% 10
\BOOKMARK [1][-]{section.1.3}{1.3 Dissertation Outline}{chapter.1}% 11
\BOOKMARK [0][]{chapter.2}{2 Building a Theory for Smart Stormwater Systems}{}% 12
\BOOKMARK [1][-]{section.2.1}{2.1 Do best local practices achieve the best global outcomes?}{chapter.2}% 13
\BOOKMARK [2][-]{subsection.2.1.1}{2.1.1 Existing studies on real-time control}{section.2.1}% 14
\BOOKMARK [1][-]{section.2.2}{2.2 Toward a framework for smart stormwater systems}{chapter.2}% 15
\BOOKMARK [2][-]{subsection.2.2.1}{2.2.1 Limitations of existing simulations approaches}{section.2.2}% 16
\BOOKMARK [1][-]{section.2.3}{2.3 Simulating controlled systems}{chapter.2}% 17
\BOOKMARK [1][-]{section.2.4}{2.4 Simulated Studies}{chapter.2}% 18
\BOOKMARK [2][-]{subsection.2.4.1}{2.4.1 Model Implementation}{section.2.4}% 19
\BOOKMARK [2][-]{subsection.2.4.2}{2.4.2 Case Study 1: Local Control}{section.2.4}% 20
\BOOKMARK [2][-]{subsection.2.4.3}{2.4.3 Case Study 2: System-level Control}{section.2.4}% 21
\BOOKMARK [1][-]{section.2.5}{2.5 Discussion}{chapter.2}% 22
\BOOKMARK [1][-]{section.2.6}{2.6 Knowledge gaps}{chapter.2}% 23
\BOOKMARK [2][-]{subsection.2.6.1}{2.6.1 Toward a new generation of real-time models}{section.2.6}% 24
\BOOKMARK [2][-]{subsection.2.6.2}{2.6.2 Control Algorithms}{section.2.6}% 25
\BOOKMARK [1][-]{section.2.7}{2.7 Conclusions}{chapter.2}% 26
\BOOKMARK [0][]{chapter.3}{3 Shaping the response in watersheds using a sensor network}{}% 27
\BOOKMARK [1][-]{section.3.1}{3.1 Study area and technologies}{chapter.3}% 28
\BOOKMARK [2][-]{subsection.3.1.1}{3.1.1 Study area}{section.3.1}% 29
\BOOKMARK [2][-]{subsection.3.1.2}{3.1.2 Technologies and Architecture}{section.3.1}% 30
\BOOKMARK [1][-]{section.3.2}{3.2 Characterizing control actions}{chapter.3}% 31
\BOOKMARK [1][-]{section.3.3}{3.3 Set-point hydrographs}{chapter.3}% 32
\BOOKMARK [1][-]{section.3.4}{3.4 Coordinated releases between multiple control sites}{chapter.3}% 33
\BOOKMARK [1][-]{section.3.5}{3.5 Conclusions}{chapter.3}% 34
\BOOKMARK [0][]{chapter.4}{4 Deep reinforcement learning for the control of stormwater networks}{}% 35
\BOOKMARK [1][-]{section.4.1}{4.1 Real time control of urban drainage systems}{chapter.4}% 36
\BOOKMARK [1][-]{section.4.2}{4.2 Reinforcement Learning}{chapter.4}% 37
\BOOKMARK [1][-]{section.4.3}{4.3 Methods}{chapter.4}% 38
\BOOKMARK [2][-]{subsection.4.3.1}{4.3.1 Reinforcement learning for stormwater systems}{section.4.3}% 39
\BOOKMARK [2][-]{subsection.4.3.2}{4.3.2 Deep Q Learning}{section.4.3}% 40
\BOOKMARK [2][-]{subsection.4.3.3}{4.3.3 Evaluation}{section.4.3}% 41
\BOOKMARK [2][-]{subsection.4.3.4}{4.3.4 Study Area}{section.4.3}% 42
\BOOKMARK [2][-]{subsection.4.3.5}{4.3.5 Analysis}{section.4.3}% 43
\BOOKMARK [2][-]{subsection.4.3.6}{4.3.6 Scenario 1: Control of a single basin}{section.4.3}% 44
\BOOKMARK [2][-]{subsection.4.3.7}{4.3.7 Scenario 2: Controlling multiple basins}{section.4.3}% 45
\BOOKMARK [2][-]{subsection.4.3.8}{4.3.8 Simulation, Implementation, and Evaluation}{section.4.3}% 46
\BOOKMARK [1][-]{section.4.4}{4.4 Results}{chapter.4}% 47
\BOOKMARK [2][-]{subsection.4.4.1}{4.4.1 Scenario 1: Control of single basin}{section.4.4}% 48
\BOOKMARK [2][-]{subsection.4.4.2}{4.4.2 Scenario 2: Control of multiple basins}{section.4.4}% 49
\BOOKMARK [1][-]{section.4.5}{4.5 Discussion}{chapter.4}% 50
\BOOKMARK [1][-]{section.4.6}{4.6 Conclusion}{chapter.4}% 51
\BOOKMARK [0][]{chapter.5}{5 Bayesian optimization for shaping the response of the stormwater systems}{}% 52
\BOOKMARK [0][]{chapter.6}{6 pystorms: A simulation sandbox for the development and evaluation of stormwater control algorithms}{}% 53
\BOOKMARK [1][-]{section.6.1}{6.1 Background}{chapter.6}% 54
\BOOKMARK [2][-]{subsection.6.1.1}{6.1.1 Control of Stormwater Systems}{section.6.1}% 55
\BOOKMARK [2][-]{subsection.6.1.2}{6.1.2 The Need for a Simulation Sandbox}{section.6.1}% 56
\BOOKMARK [1][-]{section.6.2}{6.2 pystorms }{chapter.6}% 57
\BOOKMARK [2][-]{subsection.6.2.1}{6.2.1 Scenarios}{section.6.2}% 58
\BOOKMARK [2][-]{subsection.6.2.2}{6.2.2 Programming Interface}{section.6.2}% 59
\BOOKMARK [2][-]{subsection.6.2.3}{6.2.3 Architecture}{section.6.2}% 60
\BOOKMARK [1][-]{section.6.3}{6.3 Demo: Evaluating Control Strategies}{chapter.6}% 61
\BOOKMARK [1][-]{section.6.4}{6.4 Discussion}{chapter.6}% 62
\BOOKMARK [1][-]{section.6.5}{6.5 Conclusions and Next Steps}{chapter.6}% 63
\BOOKMARK [0][]{chapter.7}{7 Conclusion}{}% 64
\BOOKMARK [-1][]{part.1}{ Appendix}{}% 65
\BOOKMARK [0][]{appendix.A}{A Appendix-1}{part.1}% 66
\BOOKMARK [1][-]{section.A.1}{A.1 Case study 1: Local Control}{appendix.A}% 67
\BOOKMARK [1][-]{section.A.2}{A.2 Case study 2: System-level Control}{appendix.A}% 68
\BOOKMARK [0][]{appendix.B}{B Appendix-2}{part.1}% 69
\BOOKMARK [1][-]{section.B.1}{B.1 Deep Neural Networks}{appendix.B}% 70
\BOOKMARK [1][-]{section.B.2}{B.2 Hyper parameters and architecture}{appendix.B}% 71
\BOOKMARK [1][-]{section.B.3}{B.3 Equal-filling degree algorithm}{appendix.B}% 72
\BOOKMARK [1][-]{section.B.4}{B.4 Scenario 1 \204 Reward function Formulation Sensitivity}{appendix.B}% 73
\BOOKMARK [1][-]{section.B.5}{B.5 Scenario 1 \204 Location sensitivity}{appendix.B}% 74
\BOOKMARK [1][-]{section.B.6}{B.6 Scenario 2 \204 Back-to-back event}{appendix.B}% 75
\BOOKMARK [0][]{section*.43}{ Bibliography}{part.1}% 76
\BOOKMARK [0][]{declaration.0}{Declaration}{part.1}% 77
\BOOKMARK [0][]{colophon.0}{Colophon}{part.1}% 78
